<?xml version="1.0" encoding="UTF-8"?>
<coverage generated="1713214462207" clover="3.2.0">
  <project timestamp="1713214462207" name="All files">
    <metrics statements="7" coveredstatements="7" conditionals="0" coveredconditionals="0" methods="5" coveredmethods="5" elements="12" coveredelements="12" complexity="0" loc="7" ncloc="7" packages="1" files="1" classes="1"/>
    <file name="index.js" path="C:\Users\kevin\OneDrive\Documents\Soy Henry\M2\Proyecto Integrador\PM2-KevinCastaneda10\challenge-testing\test\index.js">
      <metrics statements="7" coveredstatements="7" conditionals="0" coveredconditionals="0" methods="5" coveredmethods="5"/>
      <line num="3" count="4" type="stmt"/>
      <line num="7" count="5" type="stmt"/>
      <line num="11" count="2" type="stmt"/>
      <line num="12" count="4" type="stmt"/>
      <line num="18" count="1" type="stmt"/>
      <line num="19" count="1" type="stmt"/>
      <line num="23" count="1" type="stmt"/>
    </file>
  </project>
</coverage>
