{"C:\\Users\\kevin\\OneDrive\\Documents\\Soy Henry\\M2\\Proyecto Integrador\\PM2-KevinCastaneda10\\challenge-testing\\test\\index.js": {"path":"C:\\Users\\kevin\\OneDrive\\Documents\\Soy Henry\\M2\\Proyecto Integrador\\PM2-KevinCastaneda10\\challenge-testing\\test\\index.js","statementMap":{"0":{"start":{"line":3,"column":4},"end":{"line":3,"column":24}},"1":{"start":{"line":7,"column":4},"end":{"line":7,"column":34}},"2":{"start":{"line":11,"column":4},"end":{"line":14,"column":6}},"3":{"start":{"line":12,"column":27},"end":{"line":12,"column":50}},"4":{"start":{"line":18,"column":18},"end":{"line":18,"column":38}},"5":{"start":{"line":19,"column":4},"end":{"line":19,"column":46}},"6":{"start":{"line":23,"column":0},"end":{"line":23,"column":31}}},"fnMap":{"0":{"name":"(anonymous_0)","decl":{"start":{"line":2,"column":2},"end":{"line":2,"column":3}},"loc":{"start":{"line":2,"column":16},"end":{"line":4,"column":3}},"line":2},"1":{"name":"(anonymous_1)","decl":{"start":{"line":6,"column":2},"end":{"line":6,"column":3}},"loc":{"start":{"line":6,"column":28},"end":{"line":8,"column":3}},"line":6},"2":{"name":"(anonymous_2)","decl":{"start":{"line":10,"column":2},"end":{"line":10,"column":3}},"loc":{"start":{"line":10,"column":18},"end":{"line":15,"column":3}},"line":10},"3":{"name":"(anonymous_3)","decl":{"start":{"line":12,"column":6},"end":{"line":12,"column":7}},"loc":{"start":{"line":12,"column":27},"end":{"line":12,"column":50}},"line":12},"4":{"name":"(anonymous_4)","decl":{"start":{"line":17,"column":2},"end":{"line":17,"column":3}},"loc":{"start":{"line":17,"column":31},"end":{"line":20,"column":3}},"line":17}},"branchMap":{},"s":{"0":4,"1":5,"2":2,"3":4,"4":1,"5":1,"6":1},"f":{"0":4,"1":5,"2":2,"3":4,"4":1},"b":{},"_coverageSchema":"1a1c01bbd47fc00a2c39e90264f33305004495a9","hash":"ba6fec407459e5b86cfc49eb44402b5b0a2ea9ab"}
}
